[debug] [2026-02-26T13:59:43.241Z] Checked if tokens are valid: true, expires at: 1772117457706
[debug] [2026-02-26T13:59:43.242Z] Checked if tokens are valid: true, expires at: 1772117457706
[debug] [2026-02-26T13:59:43.242Z] Checked if tokens are valid: true, expires at: 1772117457706
[debug] [2026-02-26T13:59:43.242Z] Checked if tokens are valid: true, expires at: 1772117457706
[debug] [2026-02-26T13:59:43.243Z] Checked if tokens are valid: true, expires at: 1772117457706
[debug] [2026-02-26T13:59:43.243Z] Checked if tokens are valid: true, expires at: 1772117457706
[debug] [2026-02-26T13:59:43.243Z] Checked if tokens are valid: true, expires at: 1772117457706
[debug] [2026-02-26T13:59:43.243Z] Checked if tokens are valid: true, expires at: 1772117457706
[debug] [2026-02-26T13:59:43.243Z] Checked if tokens are valid: true, expires at: 1772117457706
[debug] [2026-02-26T13:59:43.243Z] Checked if tokens are valid: true, expires at: 1772117457706
[debug] [2026-02-26T13:59:43.243Z] >>> [apiv2][query] GET https://serviceusage.googleapis.com/v1/projects/finlisty-app-bd/services/ [none]
[debug] [2026-02-26T13:59:43.243Z] >>> [apiv2][(partial)header] GET https://serviceusage.googleapis.com/v1/projects/finlisty-app-bd/services/ x-goog-quota-user=projects/finlisty-app-bd
[debug] [2026-02-26T13:59:43.258Z] >>> [apiv2][query] GET https://serviceusage.googleapis.com/v1/projects/finlisty-app-bd/services/firebasedataconnect.googleapis.com [none]
[debug] [2026-02-26T13:59:43.258Z] >>> [apiv2][(partial)header] GET https://serviceusage.googleapis.com/v1/projects/finlisty-app-bd/services/firebasedataconnect.googleapis.com x-goog-quota-user=projects/finlisty-app-bd
[debug] [2026-02-26T13:59:43.258Z] >>> [apiv2][query] GET https://serviceusage.googleapis.com/v1/projects/finlisty-app-bd/services/firebasecrashlytics.googleapis.com [none]
[debug] [2026-02-26T13:59:43.258Z] >>> [apiv2][(partial)header] GET https://serviceusage.googleapis.com/v1/projects/finlisty-app-bd/services/firebasecrashlytics.googleapis.com x-goog-quota-user=projects/finlisty-app-bd
[debug] [2026-02-26T13:59:43.259Z] >>> [apiv2][query] GET https://serviceusage.googleapis.com/v1/projects/finlisty-app-bd/services/firebaseapphosting.googleapis.com [none]
[debug] [2026-02-26T13:59:43.259Z] >>> [apiv2][(partial)header] GET https://serviceusage.googleapis.com/v1/projects/finlisty-app-bd/services/firebaseapphosting.googleapis.com x-goog-quota-user=projects/finlisty-app-bd
[debug] [2026-02-26T13:59:43.259Z] >>> [apiv2][query] GET https://serviceusage.googleapis.com/v1/projects/finlisty-app-bd/services/firebaseio.com [none]
[debug] [2026-02-26T13:59:43.259Z] >>> [apiv2][(partial)header] GET https://serviceusage.googleapis.com/v1/projects/finlisty-app-bd/services/firebaseio.com x-goog-quota-user=projects/finlisty-app-bd
[debug] [2026-02-26T13:59:43.268Z] Checked if tokens are valid: true, expires at: 1772117457706
[debug] [2026-02-26T13:59:43.268Z] Checked if tokens are valid: true, expires at: 1772117457706
[debug] [2026-02-26T13:59:43.269Z] Checked if tokens are valid: true, expires at: 1772117457706
[debug] [2026-02-26T13:59:43.269Z] Checked if tokens are valid: true, expires at: 1772117457706
[debug] [2026-02-26T13:59:43.269Z] Checked if tokens are valid: true, expires at: 1772117457706
[debug] [2026-02-26T13:59:43.269Z] Checked if tokens are valid: true, expires at: 1772117457706
[debug] [2026-02-26T13:59:43.269Z] Checked if tokens are valid: true, expires at: 1772117457706
[debug] [2026-02-26T13:59:43.269Z] Checked if tokens are valid: true, expires at: 1772117457706
[debug] [2026-02-26T13:59:43.269Z] Checked if tokens are valid: true, expires at: 1772117457706
[debug] [2026-02-26T13:59:43.269Z] Checked if tokens are valid: true, expires at: 1772117457706
[debug] [2026-02-26T13:59:43.269Z] >>> [apiv2][query] GET https://serviceusage.googleapis.com/v1/projects/finlisty-app-bd/services/ [none]
[debug] [2026-02-26T13:59:43.269Z] >>> [apiv2][(partial)header] GET https://serviceusage.googleapis.com/v1/projects/finlisty-app-bd/services/ x-goog-quota-user=projects/finlisty-app-bd
[debug] [2026-02-26T13:59:43.269Z] >>> [apiv2][query] GET https://serviceusage.googleapis.com/v1/projects/finlisty-app-bd/services/firebasedataconnect.googleapis.com [none]
[debug] [2026-02-26T13:59:43.269Z] >>> [apiv2][(partial)header] GET https://serviceusage.googleapis.com/v1/projects/finlisty-app-bd/services/firebasedataconnect.googleapis.com x-goog-quota-user=projects/finlisty-app-bd
[debug] [2026-02-26T13:59:43.270Z] >>> [apiv2][query] GET https://serviceusage.googleapis.com/v1/projects/finlisty-app-bd/services/firebasecrashlytics.googleapis.com [none]
[debug] [2026-02-26T13:59:43.270Z] >>> [apiv2][(partial)header] GET https://serviceusage.googleapis.com/v1/projects/finlisty-app-bd/services/firebasecrashlytics.googleapis.com x-goog-quota-user=projects/finlisty-app-bd
[debug] [2026-02-26T13:59:43.270Z] >>> [apiv2][query] GET https://serviceusage.googleapis.com/v1/projects/finlisty-app-bd/services/firebaseapphosting.googleapis.com [none]
[debug] [2026-02-26T13:59:43.270Z] >>> [apiv2][(partial)header] GET https://serviceusage.googleapis.com/v1/projects/finlisty-app-bd/services/firebaseapphosting.googleapis.com x-goog-quota-user=projects/finlisty-app-bd
[debug] [2026-02-26T13:59:43.271Z] >>> [apiv2][query] GET https://serviceusage.googleapis.com/v1/projects/finlisty-app-bd/services/firebaseio.com [none]
[debug] [2026-02-26T13:59:43.271Z] >>> [apiv2][(partial)header] GET https://serviceusage.googleapis.com/v1/projects/finlisty-app-bd/services/firebaseio.com x-goog-quota-user=projects/finlisty-app-bd
[debug] [2026-02-26T13:59:44.869Z] <<< [apiv2][status] GET https://serviceusage.googleapis.com/v1/projects/finlisty-app-bd/services/firebaseio.com 403
[debug] [2026-02-26T13:59:44.869Z] <<< [apiv2][body] GET https://serviceusage.googleapis.com/v1/projects/finlisty-app-bd/services/firebaseio.com [omitted]
[debug] [2026-02-26T13:59:44.929Z] <<< [apiv2][status] GET https://serviceusage.googleapis.com/v1/projects/finlisty-app-bd/services/firebasecrashlytics.googleapis.com 200
[debug] [2026-02-26T13:59:44.929Z] <<< [apiv2][body] GET https://serviceusage.googleapis.com/v1/projects/finlisty-app-bd/services/firebasecrashlytics.googleapis.com [omitted]
[debug] [2026-02-26T13:59:44.932Z] <<< [apiv2][status] GET https://serviceusage.googleapis.com/v1/projects/finlisty-app-bd/services/firebasedataconnect.googleapis.com 200
[debug] [2026-02-26T13:59:44.933Z] <<< [apiv2][body] GET https://serviceusage.googleapis.com/v1/projects/finlisty-app-bd/services/firebasedataconnect.googleapis.com [omitted]
[debug] [2026-02-26T13:59:44.933Z] <<< [apiv2][status] GET https://serviceusage.googleapis.com/v1/projects/finlisty-app-bd/services/firebaseio.com 403
[debug] [2026-02-26T13:59:44.933Z] <<< [apiv2][body] GET https://serviceusage.googleapis.com/v1/projects/finlisty-app-bd/services/firebaseio.com [omitted]
[debug] [2026-02-26T13:59:44.934Z] <<< [apiv2][status] GET https://serviceusage.googleapis.com/v1/projects/finlisty-app-bd/services/firebaseapphosting.googleapis.com 200
[debug] [2026-02-26T13:59:44.934Z] <<< [apiv2][body] GET https://serviceusage.googleapis.com/v1/projects/finlisty-app-bd/services/firebaseapphosting.googleapis.com [omitted]
[debug] [2026-02-26T13:59:44.935Z] <<< [apiv2][status] GET https://serviceusage.googleapis.com/v1/projects/finlisty-app-bd/services/firebasedataconnect.googleapis.com 200
[debug] [2026-02-26T13:59:44.935Z] <<< [apiv2][body] GET https://serviceusage.googleapis.com/v1/projects/finlisty-app-bd/services/firebasedataconnect.googleapis.com [omitted]
[debug] [2026-02-26T13:59:44.936Z] <<< [apiv2][status] GET https://serviceusage.googleapis.com/v1/projects/finlisty-app-bd/services/firebaseapphosting.googleapis.com 200
[debug] [2026-02-26T13:59:44.936Z] <<< [apiv2][body] GET https://serviceusage.googleapis.com/v1/projects/finlisty-app-bd/services/firebaseapphosting.googleapis.com [omitted]
[debug] [2026-02-26T13:59:44.966Z] <<< [apiv2][status] GET https://serviceusage.googleapis.com/v1/projects/finlisty-app-bd/services/firebasecrashlytics.googleapis.com 200
[debug] [2026-02-26T13:59:44.966Z] <<< [apiv2][body] GET https://serviceusage.googleapis.com/v1/projects/finlisty-app-bd/services/firebasecrashlytics.googleapis.com [omitted]
[debug] [2026-02-26T13:59:45.164Z] <<< [apiv2][status] GET https://serviceusage.googleapis.com/v1/projects/finlisty-app-bd/services/ 200
[debug] [2026-02-26T13:59:45.164Z] <<< [apiv2][body] GET https://serviceusage.googleapis.com/v1/projects/finlisty-app-bd/services/ [omitted]
[debug] [2026-02-26T13:59:45.167Z] > command requires scopes: ["email","openid","https://www.googleapis.com/auth/cloudplatformprojects.readonly","https://www.googleapis.com/auth/firebase","https://www.googleapis.com/auth/cloud-platform"]
[debug] [2026-02-26T13:59:45.167Z] > authorizing via signed-in user (mahekarim@gmail.com)
[debug] [2026-02-26T13:59:45.223Z] <<< [apiv2][status] GET https://serviceusage.googleapis.com/v1/projects/finlisty-app-bd/services/ 200
[debug] [2026-02-26T13:59:45.224Z] <<< [apiv2][body] GET https://serviceusage.googleapis.com/v1/projects/finlisty-app-bd/services/ [omitted]
[debug] [2026-02-26T16:17:22.046Z] Checked if tokens are valid: true, expires at: 1772126222797
[debug] [2026-02-26T16:17:22.047Z] Checked if tokens are valid: true, expires at: 1772126222797
[debug] [2026-02-26T16:17:22.048Z] Checked if tokens are valid: true, expires at: 1772126222797
[debug] [2026-02-26T16:17:22.048Z] Checked if tokens are valid: true, expires at: 1772126222797
[debug] [2026-02-26T16:17:22.048Z] Checked if tokens are valid: true, expires at: 1772126222797
[debug] [2026-02-26T16:17:22.048Z] Checked if tokens are valid: true, expires at: 1772126222797
[debug] [2026-02-26T16:17:22.048Z] Checked if tokens are valid: true, expires at: 1772126222797
[debug] [2026-02-26T16:17:22.048Z] Checked if tokens are valid: true, expires at: 1772126222797
[debug] [2026-02-26T16:17:22.048Z] Checked if tokens are valid: true, expires at: 1772126222797
[debug] [2026-02-26T16:17:22.048Z] Checked if tokens are valid: true, expires at: 1772126222797
[debug] [2026-02-26T16:17:22.049Z] >>> [apiv2][query] GET https://serviceusage.googleapis.com/v1/projects/finlisty-app-bd/services/ [none]
[debug] [2026-02-26T16:17:22.049Z] >>> [apiv2][(partial)header] GET https://serviceusage.googleapis.com/v1/projects/finlisty-app-bd/services/ x-goog-quota-user=projects/finlisty-app-bd
[debug] [2026-02-26T16:17:22.064Z] >>> [apiv2][query] GET https://serviceusage.googleapis.com/v1/projects/finlisty-app-bd/services/firebasedataconnect.googleapis.com [none]
[debug] [2026-02-26T16:17:22.064Z] >>> [apiv2][(partial)header] GET https://serviceusage.googleapis.com/v1/projects/finlisty-app-bd/services/firebasedataconnect.googleapis.com x-goog-quota-user=projects/finlisty-app-bd
[debug] [2026-02-26T16:17:22.064Z] >>> [apiv2][query] GET https://serviceusage.googleapis.com/v1/projects/finlisty-app-bd/services/firebasecrashlytics.googleapis.com [none]
[debug] [2026-02-26T16:17:22.064Z] >>> [apiv2][(partial)header] GET https://serviceusage.googleapis.com/v1/projects/finlisty-app-bd/services/firebasecrashlytics.googleapis.com x-goog-quota-user=projects/finlisty-app-bd
[debug] [2026-02-26T16:17:22.065Z] >>> [apiv2][query] GET https://serviceusage.googleapis.com/v1/projects/finlisty-app-bd/services/firebaseapphosting.googleapis.com [none]
[debug] [2026-02-26T16:17:22.065Z] >>> [apiv2][(partial)header] GET https://serviceusage.googleapis.com/v1/projects/finlisty-app-bd/services/firebaseapphosting.googleapis.com x-goog-quota-user=projects/finlisty-app-bd
[debug] [2026-02-26T16:17:22.065Z] >>> [apiv2][query] GET https://serviceusage.googleapis.com/v1/projects/finlisty-app-bd/services/firebaseio.com [none]
[debug] [2026-02-26T16:17:22.065Z] >>> [apiv2][(partial)header] GET https://serviceusage.googleapis.com/v1/projects/finlisty-app-bd/services/firebaseio.com x-goog-quota-user=projects/finlisty-app-bd
[debug] [2026-02-26T16:17:22.074Z] Checked if tokens are valid: true, expires at: 1772126222797
[debug] [2026-02-26T16:17:22.074Z] Checked if tokens are valid: true, expires at: 1772126222797
[debug] [2026-02-26T16:17:22.074Z] Checked if tokens are valid: true, expires at: 1772126222797
[debug] [2026-02-26T16:17:22.074Z] Checked if tokens are valid: true, expires at: 1772126222797
[debug] [2026-02-26T16:17:22.074Z] Checked if tokens are valid: true, expires at: 1772126222797
[debug] [2026-02-26T16:17:22.074Z] Checked if tokens are valid: true, expires at: 1772126222797
[debug] [2026-02-26T16:17:22.074Z] Checked if tokens are valid: true, expires at: 1772126222797
[debug] [2026-02-26T16:17:22.074Z] Checked if tokens are valid: true, expires at: 1772126222797
[debug] [2026-02-26T16:17:22.074Z] Checked if tokens are valid: true, expires at: 1772126222797
[debug] [2026-02-26T16:17:22.074Z] Checked if tokens are valid: true, expires at: 1772126222797
[debug] [2026-02-26T16:17:22.074Z] >>> [apiv2][query] GET https://serviceusage.googleapis.com/v1/projects/finlisty-app-bd/services/ [none]
[debug] [2026-02-26T16:17:22.074Z] >>> [apiv2][(partial)header] GET https://serviceusage.googleapis.com/v1/projects/finlisty-app-bd/services/ x-goog-quota-user=projects/finlisty-app-bd
[debug] [2026-02-26T16:17:22.075Z] >>> [apiv2][query] GET https://serviceusage.googleapis.com/v1/projects/finlisty-app-bd/services/firebasedataconnect.googleapis.com [none]
[debug] [2026-02-26T16:17:22.075Z] >>> [apiv2][(partial)header] GET https://serviceusage.googleapis.com/v1/projects/finlisty-app-bd/services/firebasedataconnect.googleapis.com x-goog-quota-user=projects/finlisty-app-bd
[debug] [2026-02-26T16:17:22.075Z] >>> [apiv2][query] GET https://serviceusage.googleapis.com/v1/projects/finlisty-app-bd/services/firebasecrashlytics.googleapis.com [none]
[debug] [2026-02-26T16:17:22.075Z] >>> [apiv2][(partial)header] GET https://serviceusage.googleapis.com/v1/projects/finlisty-app-bd/services/firebasecrashlytics.googleapis.com x-goog-quota-user=projects/finlisty-app-bd
[debug] [2026-02-26T16:17:22.078Z] >>> [apiv2][query] GET https://serviceusage.googleapis.com/v1/projects/finlisty-app-bd/services/firebaseapphosting.googleapis.com [none]
[debug] [2026-02-26T16:17:22.078Z] >>> [apiv2][(partial)header] GET https://serviceusage.googleapis.com/v1/projects/finlisty-app-bd/services/firebaseapphosting.googleapis.com x-goog-quota-user=projects/finlisty-app-bd
[debug] [2026-02-26T16:17:22.080Z] >>> [apiv2][query] GET https://serviceusage.googleapis.com/v1/projects/finlisty-app-bd/services/firebaseio.com [none]
[debug] [2026-02-26T16:17:22.080Z] >>> [apiv2][(partial)header] GET https://serviceusage.googleapis.com/v1/projects/finlisty-app-bd/services/firebaseio.com x-goog-quota-user=projects/finlisty-app-bd
[debug] [2026-02-26T16:17:23.762Z] <<< [apiv2][status] GET https://serviceusage.googleapis.com/v1/projects/finlisty-app-bd/services/firebaseio.com 403
[debug] [2026-02-26T16:17:23.762Z] <<< [apiv2][body] GET https://serviceusage.googleapis.com/v1/projects/finlisty-app-bd/services/firebaseio.com [omitted]
[debug] [2026-02-26T16:17:23.770Z] <<< [apiv2][status] GET https://serviceusage.googleapis.com/v1/projects/finlisty-app-bd/services/firebaseio.com 403
[debug] [2026-02-26T16:17:23.770Z] <<< [apiv2][body] GET https://serviceusage.googleapis.com/v1/projects/finlisty-app-bd/services/firebaseio.com [omitted]
[debug] [2026-02-26T16:17:23.791Z] <<< [apiv2][status] GET https://serviceusage.googleapis.com/v1/projects/finlisty-app-bd/services/firebasecrashlytics.googleapis.com 200
[debug] [2026-02-26T16:17:23.792Z] <<< [apiv2][body] GET https://serviceusage.googleapis.com/v1/projects/finlisty-app-bd/services/firebasecrashlytics.googleapis.com [omitted]
[debug] [2026-02-26T16:17:23.796Z] <<< [apiv2][status] GET https://serviceusage.googleapis.com/v1/projects/finlisty-app-bd/services/firebaseapphosting.googleapis.com 200
[debug] [2026-02-26T16:17:23.796Z] <<< [apiv2][body] GET https://serviceusage.googleapis.com/v1/projects/finlisty-app-bd/services/firebaseapphosting.googleapis.com [omitted]
[debug] [2026-02-26T16:17:23.804Z] <<< [apiv2][status] GET https://serviceusage.googleapis.com/v1/projects/finlisty-app-bd/services/firebasedataconnect.googleapis.com 200
[debug] [2026-02-26T16:17:23.804Z] <<< [apiv2][body] GET https://serviceusage.googleapis.com/v1/projects/finlisty-app-bd/services/firebasedataconnect.googleapis.com [omitted]
[debug] [2026-02-26T16:17:23.826Z] <<< [apiv2][status] GET https://serviceusage.googleapis.com/v1/projects/finlisty-app-bd/services/firebaseapphosting.googleapis.com 200
[debug] [2026-02-26T16:17:23.826Z] <<< [apiv2][body] GET https://serviceusage.googleapis.com/v1/projects/finlisty-app-bd/services/firebaseapphosting.googleapis.com [omitted]
[debug] [2026-02-26T16:17:23.829Z] <<< [apiv2][status] GET https://serviceusage.googleapis.com/v1/projects/finlisty-app-bd/services/firebasedataconnect.googleapis.com 200
[debug] [2026-02-26T16:17:23.829Z] <<< [apiv2][body] GET https://serviceusage.googleapis.com/v1/projects/finlisty-app-bd/services/firebasedataconnect.googleapis.com [omitted]
[debug] [2026-02-26T16:17:23.863Z] <<< [apiv2][status] GET https://serviceusage.googleapis.com/v1/projects/finlisty-app-bd/services/firebasecrashlytics.googleapis.com 200
[debug] [2026-02-26T16:17:23.863Z] <<< [apiv2][body] GET https://serviceusage.googleapis.com/v1/projects/finlisty-app-bd/services/firebasecrashlytics.googleapis.com [omitted]
[debug] [2026-02-26T16:17:24.187Z] <<< [apiv2][status] GET https://serviceusage.googleapis.com/v1/projects/finlisty-app-bd/services/ 200
[debug] [2026-02-26T16:17:24.187Z] <<< [apiv2][body] GET https://serviceusage.googleapis.com/v1/projects/finlisty-app-bd/services/ [omitted]
[debug] [2026-02-26T16:17:24.192Z] <<< [apiv2][status] GET https://serviceusage.googleapis.com/v1/projects/finlisty-app-bd/services/ 200
[debug] [2026-02-26T16:17:24.192Z] <<< [apiv2][body] GET https://serviceusage.googleapis.com/v1/projects/finlisty-app-bd/services/ [omitted]
[debug] [2026-02-26T16:17:24.192Z] > command requires scopes: ["email","openid","https://www.googleapis.com/auth/cloudplatformprojects.readonly","https://www.googleapis.com/auth/firebase","https://www.googleapis.com/auth/cloud-platform"]
[debug] [2026-02-26T16:17:24.193Z] > authorizing via signed-in user (mahekarim@gmail.com)
[debug] [2026-02-26T18:31:15.136Z] Checked if tokens are valid: true, expires at: 1772132996275
[debug] [2026-02-26T18:31:15.137Z] Checked if tokens are valid: true, expires at: 1772132996275
[debug] [2026-02-26T18:31:15.138Z] Checked if tokens are valid: true, expires at: 1772132996275
[debug] [2026-02-26T18:31:15.138Z] Checked if tokens are valid: true, expires at: 1772132996275
[debug] [2026-02-26T18:31:15.138Z] Checked if tokens are valid: true, expires at: 1772132996275
[debug] [2026-02-26T18:31:15.138Z] Checked if tokens are valid: true, expires at: 1772132996275
[debug] [2026-02-26T18:31:15.138Z] Checked if tokens are valid: true, expires at: 1772132996275
[debug] [2026-02-26T18:31:15.138Z] Checked if tokens are valid: true, expires at: 1772132996275
[debug] [2026-02-26T18:31:15.138Z] Checked if tokens are valid: true, expires at: 1772132996275
[debug] [2026-02-26T18:31:15.139Z] Checked if tokens are valid: true, expires at: 1772132996275
[debug] [2026-02-26T18:31:15.139Z] >>> [apiv2][query] GET https://serviceusage.googleapis.com/v1/projects/finlisty-app-bd/services/ [none]
[debug] [2026-02-26T18:31:15.139Z] >>> [apiv2][(partial)header] GET https://serviceusage.googleapis.com/v1/projects/finlisty-app-bd/services/ x-goog-quota-user=projects/finlisty-app-bd
[debug] [2026-02-26T18:31:15.153Z] >>> [apiv2][query] GET https://serviceusage.googleapis.com/v1/projects/finlisty-app-bd/services/firebasedataconnect.googleapis.com [none]
[debug] [2026-02-26T18:31:15.154Z] >>> [apiv2][(partial)header] GET https://serviceusage.googleapis.com/v1/projects/finlisty-app-bd/services/firebasedataconnect.googleapis.com x-goog-quota-user=projects/finlisty-app-bd
[debug] [2026-02-26T18:31:15.154Z] >>> [apiv2][query] GET https://serviceusage.googleapis.com/v1/projects/finlisty-app-bd/services/firebasecrashlytics.googleapis.com [none]
[debug] [2026-02-26T18:31:15.154Z] >>> [apiv2][(partial)header] GET https://serviceusage.googleapis.com/v1/projects/finlisty-app-bd/services/firebasecrashlytics.googleapis.com x-goog-quota-user=projects/finlisty-app-bd
[debug] [2026-02-26T18:31:15.154Z] >>> [apiv2][query] GET https://serviceusage.googleapis.com/v1/projects/finlisty-app-bd/services/firebaseapphosting.googleapis.com [none]
[debug] [2026-02-26T18:31:15.154Z] >>> [apiv2][(partial)header] GET https://serviceusage.googleapis.com/v1/projects/finlisty-app-bd/services/firebaseapphosting.googleapis.com x-goog-quota-user=projects/finlisty-app-bd
[debug] [2026-02-26T18:31:15.155Z] >>> [apiv2][query] GET https://serviceusage.googleapis.com/v1/projects/finlisty-app-bd/services/firebaseio.com [none]
[debug] [2026-02-26T18:31:15.155Z] >>> [apiv2][(partial)header] GET https://serviceusage.googleapis.com/v1/projects/finlisty-app-bd/services/firebaseio.com x-goog-quota-user=projects/finlisty-app-bd
[debug] [2026-02-26T18:31:15.164Z] Checked if tokens are valid: true, expires at: 1772132996275
[debug] [2026-02-26T18:31:15.164Z] Checked if tokens are valid: true, expires at: 1772132996275
[debug] [2026-02-26T18:31:15.164Z] Checked if tokens are valid: true, expires at: 1772132996275
[debug] [2026-02-26T18:31:15.164Z] Checked if tokens are valid: true, expires at: 1772132996275
[debug] [2026-02-26T18:31:15.164Z] Checked if tokens are valid: true, expires at: 1772132996275
[debug] [2026-02-26T18:31:15.164Z] Checked if tokens are valid: true, expires at: 1772132996275
[debug] [2026-02-26T18:31:15.164Z] Checked if tokens are valid: true, expires at: 1772132996275
[debug] [2026-02-26T18:31:15.164Z] Checked if tokens are valid: true, expires at: 1772132996275
[debug] [2026-02-26T18:31:15.164Z] Checked if tokens are valid: true, expires at: 1772132996275
[debug] [2026-02-26T18:31:15.164Z] Checked if tokens are valid: true, expires at: 1772132996275
[debug] [2026-02-26T18:31:15.164Z] >>> [apiv2][query] GET https://serviceusage.googleapis.com/v1/projects/finlisty-app-bd/services/ [none]
[debug] [2026-02-26T18:31:15.164Z] >>> [apiv2][(partial)header] GET https://serviceusage.googleapis.com/v1/projects/finlisty-app-bd/services/ x-goog-quota-user=projects/finlisty-app-bd
[debug] [2026-02-26T18:31:15.165Z] >>> [apiv2][query] GET https://serviceusage.googleapis.com/v1/projects/finlisty-app-bd/services/firebasedataconnect.googleapis.com [none]
[debug] [2026-02-26T18:31:15.165Z] >>> [apiv2][(partial)header] GET https://serviceusage.googleapis.com/v1/projects/finlisty-app-bd/services/firebasedataconnect.googleapis.com x-goog-quota-user=projects/finlisty-app-bd
[debug] [2026-02-26T18:31:15.165Z] >>> [apiv2][query] GET https://serviceusage.googleapis.com/v1/projects/finlisty-app-bd/services/firebasecrashlytics.googleapis.com [none]
[debug] [2026-02-26T18:31:15.165Z] >>> [apiv2][(partial)header] GET https://serviceusage.googleapis.com/v1/projects/finlisty-app-bd/services/firebasecrashlytics.googleapis.com x-goog-quota-user=projects/finlisty-app-bd
[debug] [2026-02-26T18:31:15.165Z] >>> [apiv2][query] GET https://serviceusage.googleapis.com/v1/projects/finlisty-app-bd/services/firebaseapphosting.googleapis.com [none]
[debug] [2026-02-26T18:31:15.165Z] >>> [apiv2][(partial)header] GET https://serviceusage.googleapis.com/v1/projects/finlisty-app-bd/services/firebaseapphosting.googleapis.com x-goog-quota-user=projects/finlisty-app-bd
[debug] [2026-02-26T18:31:15.166Z] >>> [apiv2][query] GET https://serviceusage.googleapis.com/v1/projects/finlisty-app-bd/services/firebaseio.com [none]
[debug] [2026-02-26T18:31:15.166Z] >>> [apiv2][(partial)header] GET https://serviceusage.googleapis.com/v1/projects/finlisty-app-bd/services/firebaseio.com x-goog-quota-user=projects/finlisty-app-bd
[debug] [2026-02-26T18:31:17.681Z] <<< [apiv2][status] GET https://serviceusage.googleapis.com/v1/projects/finlisty-app-bd/services/firebasecrashlytics.googleapis.com 200
[debug] [2026-02-26T18:31:17.681Z] <<< [apiv2][body] GET https://serviceusage.googleapis.com/v1/projects/finlisty-app-bd/services/firebasecrashlytics.googleapis.com [omitted]
[debug] [2026-02-26T18:31:17.681Z] <<< [apiv2][status] GET https://serviceusage.googleapis.com/v1/projects/finlisty-app-bd/services/firebaseapphosting.googleapis.com 200
[debug] [2026-02-26T18:31:17.681Z] <<< [apiv2][body] GET https://serviceusage.googleapis.com/v1/projects/finlisty-app-bd/services/firebaseapphosting.googleapis.com [omitted]
[debug] [2026-02-26T18:31:17.681Z] <<< [apiv2][status] GET https://serviceusage.googleapis.com/v1/projects/finlisty-app-bd/services/firebaseio.com 403
[debug] [2026-02-26T18:31:17.681Z] <<< [apiv2][body] GET https://serviceusage.googleapis.com/v1/projects/finlisty-app-bd/services/firebaseio.com [omitted]
[debug] [2026-02-26T18:31:17.682Z] <<< [apiv2][status] GET https://serviceusage.googleapis.com/v1/projects/finlisty-app-bd/services/firebaseapphosting.googleapis.com 200
[debug] [2026-02-26T18:31:17.682Z] <<< [apiv2][body] GET https://serviceusage.googleapis.com/v1/projects/finlisty-app-bd/services/firebaseapphosting.googleapis.com [omitted]
[debug] [2026-02-26T18:31:17.683Z] <<< [apiv2][status] GET https://serviceusage.googleapis.com/v1/projects/finlisty-app-bd/services/firebaseio.com 403
[debug] [2026-02-26T18:31:17.683Z] <<< [apiv2][body] GET https://serviceusage.googleapis.com/v1/projects/finlisty-app-bd/services/firebaseio.com [omitted]
[debug] [2026-02-26T18:31:17.683Z] <<< [apiv2][status] GET https://serviceusage.googleapis.com/v1/projects/finlisty-app-bd/services/firebasedataconnect.googleapis.com 200
[debug] [2026-02-26T18:31:17.683Z] <<< [apiv2][body] GET https://serviceusage.googleapis.com/v1/projects/finlisty-app-bd/services/firebasedataconnect.googleapis.com [omitted]
[debug] [2026-02-26T18:31:17.683Z] <<< [apiv2][status] GET https://serviceusage.googleapis.com/v1/projects/finlisty-app-bd/services/firebasedataconnect.googleapis.com 200
[debug] [2026-02-26T18:31:17.683Z] <<< [apiv2][body] GET https://serviceusage.googleapis.com/v1/projects/finlisty-app-bd/services/firebasedataconnect.googleapis.com [omitted]
[debug] [2026-02-26T18:31:17.715Z] <<< [apiv2][status] GET https://serviceusage.googleapis.com/v1/projects/finlisty-app-bd/services/firebasecrashlytics.googleapis.com 200
[debug] [2026-02-26T18:31:17.715Z] <<< [apiv2][body] GET https://serviceusage.googleapis.com/v1/projects/finlisty-app-bd/services/firebasecrashlytics.googleapis.com [omitted]
[debug] [2026-02-26T18:31:18.168Z] > command requires scopes: ["email","openid","https://www.googleapis.com/auth/cloudplatformprojects.readonly","https://www.googleapis.com/auth/firebase","https://www.googleapis.com/auth/cloud-platform"]
[debug] [2026-02-26T18:31:18.169Z] > authorizing via signed-in user (mahekarim@gmail.com)
[debug] [2026-02-26T18:31:18.266Z] <<< [apiv2][status] GET https://serviceusage.googleapis.com/v1/projects/finlisty-app-bd/services/ 200
[debug] [2026-02-26T18:31:18.266Z] <<< [apiv2][body] GET https://serviceusage.googleapis.com/v1/projects/finlisty-app-bd/services/ [omitted]
[debug] [2026-02-26T18:31:18.267Z] <<< [apiv2][status] GET https://serviceusage.googleapis.com/v1/projects/finlisty-app-bd/services/ 200
[debug] [2026-02-26T18:31:18.267Z] <<< [apiv2][body] GET https://serviceusage.googleapis.com/v1/projects/finlisty-app-bd/services/ [omitted]
[debug] [2026-02-27T05:10:16.714Z] Checked if tokens are valid: false, expires at: 1772132996275
[debug] [2026-02-27T05:10:16.715Z] Checked if tokens are valid: false, expires at: 1772132996275
[debug] [2026-02-27T05:10:16.715Z] > refreshing access token with scopes: []
[debug] [2026-02-27T05:10:16.716Z] >>> [apiv2][query] POST https://www.googleapis.com/oauth2/v3/token [none]
[debug] [2026-02-27T05:10:16.716Z] >>> [apiv2][body] POST https://www.googleapis.com/oauth2/v3/token [omitted]
[debug] [2026-02-27T05:10:16.732Z] Checked if tokens are valid: false, expires at: 1772132996275
[debug] [2026-02-27T05:10:16.732Z] Checked if tokens are valid: false, expires at: 1772132996275
[debug] [2026-02-27T05:10:16.732Z] > refreshing access token with scopes: []
[debug] [2026-02-27T05:10:16.733Z] >>> [apiv2][query] POST https://www.googleapis.com/oauth2/v3/token [none]
[debug] [2026-02-27T05:10:16.733Z] >>> [apiv2][body] POST https://www.googleapis.com/oauth2/v3/token [omitted]
[debug] [2026-02-27T05:10:16.734Z] Checked if tokens are valid: false, expires at: 1772132996275
[debug] [2026-02-27T05:10:16.734Z] Checked if tokens are valid: false, expires at: 1772132996275
[debug] [2026-02-27T05:10:16.734Z] > refreshing access token with scopes: []
[debug] [2026-02-27T05:10:16.734Z] >>> [apiv2][query] POST https://www.googleapis.com/oauth2/v3/token [none]
[debug] [2026-02-27T05:10:16.734Z] >>> [apiv2][body] POST https://www.googleapis.com/oauth2/v3/token [omitted]
[debug] [2026-02-27T05:10:16.734Z] Checked if tokens are valid: false, expires at: 1772132996275
[debug] [2026-02-27T05:10:16.734Z] Checked if tokens are valid: false, expires at: 1772132996275
[debug] [2026-02-27T05:10:16.734Z] > refreshing access token with scopes: []
[debug] [2026-02-27T05:10:16.735Z] >>> [apiv2][query] POST https://www.googleapis.com/oauth2/v3/token [none]
[debug] [2026-02-27T05:10:16.735Z] >>> [apiv2][body] POST https://www.googleapis.com/oauth2/v3/token [omitted]
[debug] [2026-02-27T05:10:16.735Z] Checked if tokens are valid: false, expires at: 1772132996275
[debug] [2026-02-27T05:10:16.735Z] Checked if tokens are valid: false, expires at: 1772132996275
[debug] [2026-02-27T05:10:16.735Z] > refreshing access token with scopes: []
[debug] [2026-02-27T05:10:16.735Z] >>> [apiv2][query] POST https://www.googleapis.com/oauth2/v3/token [none]
[debug] [2026-02-27T05:10:16.735Z] >>> [apiv2][body] POST https://www.googleapis.com/oauth2/v3/token [omitted]
[debug] [2026-02-27T05:10:16.746Z] Checked if tokens are valid: false, expires at: 1772132996275
[debug] [2026-02-27T05:10:16.746Z] Checked if tokens are valid: false, expires at: 1772132996275
[debug] [2026-02-27T05:10:16.746Z] > refreshing access token with scopes: []
[debug] [2026-02-27T05:10:16.746Z] >>> [apiv2][query] POST https://www.googleapis.com/oauth2/v3/token [none]
[debug] [2026-02-27T05:10:16.746Z] >>> [apiv2][body] POST https://www.googleapis.com/oauth2/v3/token [omitted]
[debug] [2026-02-27T05:10:16.747Z] Checked if tokens are valid: false, expires at: 1772132996275
[debug] [2026-02-27T05:10:16.747Z] Checked if tokens are valid: false, expires at: 1772132996275
[debug] [2026-02-27T05:10:16.747Z] > refreshing access token with scopes: []
[debug] [2026-02-27T05:10:16.747Z] >>> [apiv2][query] POST https://www.googleapis.com/oauth2/v3/token [none]
[debug] [2026-02-27T05:10:16.747Z] >>> [apiv2][body] POST https://www.googleapis.com/oauth2/v3/token [omitted]
[debug] [2026-02-27T05:10:16.748Z] Checked if tokens are valid: false, expires at: 1772132996275
[debug] [2026-02-27T05:10:16.748Z] Checked if tokens are valid: false, expires at: 1772132996275
[debug] [2026-02-27T05:10:16.748Z] > refreshing access token with scopes: []
[debug] [2026-02-27T05:10:16.748Z] >>> [apiv2][query] POST https://www.googleapis.com/oauth2/v3/token [none]
[debug] [2026-02-27T05:10:16.748Z] >>> [apiv2][body] POST https://www.googleapis.com/oauth2/v3/token [omitted]
[debug] [2026-02-27T05:10:16.749Z] Checked if tokens are valid: false, expires at: 1772132996275
[debug] [2026-02-27T05:10:16.749Z] Checked if tokens are valid: false, expires at: 1772132996275
[debug] [2026-02-27T05:10:16.749Z] > refreshing access token with scopes: []
[debug] [2026-02-27T05:10:16.749Z] >>> [apiv2][query] POST https://www.googleapis.com/oauth2/v3/token [none]
[debug] [2026-02-27T05:10:16.749Z] >>> [apiv2][body] POST https://www.googleapis.com/oauth2/v3/token [omitted]
[debug] [2026-02-27T05:10:16.750Z] Checked if tokens are valid: false, expires at: 1772132996275
[debug] [2026-02-27T05:10:16.750Z] Checked if tokens are valid: false, expires at: 1772132996275
[debug] [2026-02-27T05:10:16.750Z] > refreshing access token with scopes: []
[debug] [2026-02-27T05:10:16.750Z] >>> [apiv2][query] POST https://www.googleapis.com/oauth2/v3/token [none]
[debug] [2026-02-27T05:10:16.750Z] >>> [apiv2][body] POST https://www.googleapis.com/oauth2/v3/token [omitted]
[debug] [2026-02-27T05:10:16.903Z] <<< [apiv2][status] POST https://www.googleapis.com/oauth2/v3/token 200
[debug] [2026-02-27T05:10:16.903Z] <<< [apiv2][body] POST https://www.googleapis.com/oauth2/v3/token [omitted]
[debug] [2026-02-27T05:10:16.913Z] >>> [apiv2][query] GET https://serviceusage.googleapis.com/v1/projects/finlisty-app-bd/services/firebasedataconnect.googleapis.com [none]
[debug] [2026-02-27T05:10:16.913Z] >>> [apiv2][(partial)header] GET https://serviceusage.googleapis.com/v1/projects/finlisty-app-bd/services/firebasedataconnect.googleapis.com x-goog-quota-user=projects/finlisty-app-bd
[debug] [2026-02-27T05:10:16.914Z] <<< [apiv2][status] POST https://www.googleapis.com/oauth2/v3/token 200
[debug] [2026-02-27T05:10:16.914Z] <<< [apiv2][body] POST https://www.googleapis.com/oauth2/v3/token [omitted]
[debug] [2026-02-27T05:10:16.923Z] >>> [apiv2][query] GET https://serviceusage.googleapis.com/v1/projects/finlisty-app-bd/services/firebaseio.com [none]
[debug] [2026-02-27T05:10:16.923Z] >>> [apiv2][(partial)header] GET https://serviceusage.googleapis.com/v1/projects/finlisty-app-bd/services/firebaseio.com x-goog-quota-user=projects/finlisty-app-bd
[debug] [2026-02-27T05:10:16.925Z] <<< [apiv2][status] POST https://www.googleapis.com/oauth2/v3/token 200
[debug] [2026-02-27T05:10:16.925Z] <<< [apiv2][body] POST https://www.googleapis.com/oauth2/v3/token [omitted]
[debug] [2026-02-27T05:10:16.935Z] >>> [apiv2][query] GET https://serviceusage.googleapis.com/v1/projects/finlisty-app-bd/services/firebasecrashlytics.googleapis.com [none]
[debug] [2026-02-27T05:10:16.935Z] >>> [apiv2][(partial)header] GET https://serviceusage.googleapis.com/v1/projects/finlisty-app-bd/services/firebasecrashlytics.googleapis.com x-goog-quota-user=projects/finlisty-app-bd
[debug] [2026-02-27T05:10:16.935Z] <<< [apiv2][status] POST https://www.googleapis.com/oauth2/v3/token 200
[debug] [2026-02-27T05:10:16.936Z] <<< [apiv2][body] POST https://www.googleapis.com/oauth2/v3/token [omitted]
[debug] [2026-02-27T05:10:16.944Z] >>> [apiv2][query] GET https://serviceusage.googleapis.com/v1/projects/finlisty-app-bd/services/firebaseapphosting.googleapis.com [none]
[debug] [2026-02-27T05:10:16.944Z] >>> [apiv2][(partial)header] GET https://serviceusage.googleapis.com/v1/projects/finlisty-app-bd/services/firebaseapphosting.googleapis.com x-goog-quota-user=projects/finlisty-app-bd
[debug] [2026-02-27T05:10:16.946Z] <<< [apiv2][status] POST https://www.googleapis.com/oauth2/v3/token 200
[debug] [2026-02-27T05:10:16.946Z] <<< [apiv2][body] POST https://www.googleapis.com/oauth2/v3/token [omitted]
[debug] [2026-02-27T05:10:16.954Z] >>> [apiv2][query] GET https://serviceusage.googleapis.com/v1/projects/finlisty-app-bd/services/firebasedataconnect.googleapis.com [none]
[debug] [2026-02-27T05:10:16.954Z] >>> [apiv2][(partial)header] GET https://serviceusage.googleapis.com/v1/projects/finlisty-app-bd/services/firebasedataconnect.googleapis.com x-goog-quota-user=projects/finlisty-app-bd
[debug] [2026-02-27T05:10:16.954Z] <<< [apiv2][status] POST https://www.googleapis.com/oauth2/v3/token 200
[debug] [2026-02-27T05:10:16.954Z] <<< [apiv2][body] POST https://www.googleapis.com/oauth2/v3/token [omitted]
[debug] [2026-02-27T05:10:16.962Z] >>> [apiv2][query] GET https://serviceusage.googleapis.com/v1/projects/finlisty-app-bd/services/firebasecrashlytics.googleapis.com [none]
[debug] [2026-02-27T05:10:16.962Z] >>> [apiv2][(partial)header] GET https://serviceusage.googleapis.com/v1/projects/finlisty-app-bd/services/firebasecrashlytics.googleapis.com x-goog-quota-user=projects/finlisty-app-bd
[debug] [2026-02-27T05:10:16.963Z] <<< [apiv2][status] POST https://www.googleapis.com/oauth2/v3/token 200
[debug] [2026-02-27T05:10:16.963Z] <<< [apiv2][body] POST https://www.googleapis.com/oauth2/v3/token [omitted]
[debug] [2026-02-27T05:10:16.974Z] >>> [apiv2][query] GET https://serviceusage.googleapis.com/v1/projects/finlisty-app-bd/services/ [none]
[debug] [2026-02-27T05:10:16.974Z] >>> [apiv2][(partial)header] GET https://serviceusage.googleapis.com/v1/projects/finlisty-app-bd/services/ x-goog-quota-user=projects/finlisty-app-bd
[debug] [2026-02-27T05:10:16.975Z] <<< [apiv2][status] POST https://www.googleapis.com/oauth2/v3/token 200
[debug] [2026-02-27T05:10:16.975Z] <<< [apiv2][body] POST https://www.googleapis.com/oauth2/v3/token [omitted]
[debug] [2026-02-27T05:10:16.984Z] >>> [apiv2][query] GET https://serviceusage.googleapis.com/v1/projects/finlisty-app-bd/services/firebaseio.com [none]
[debug] [2026-02-27T05:10:16.985Z] >>> [apiv2][(partial)header] GET https://serviceusage.googleapis.com/v1/projects/finlisty-app-bd/services/firebaseio.com x-goog-quota-user=projects/finlisty-app-bd
[debug] [2026-02-27T05:10:16.986Z] <<< [apiv2][status] POST https://www.googleapis.com/oauth2/v3/token 200
[debug] [2026-02-27T05:10:16.986Z] <<< [apiv2][body] POST https://www.googleapis.com/oauth2/v3/token [omitted]
[debug] [2026-02-27T05:10:16.994Z] >>> [apiv2][query] GET https://serviceusage.googleapis.com/v1/projects/finlisty-app-bd/services/firebaseapphosting.googleapis.com [none]
[debug] [2026-02-27T05:10:16.994Z] >>> [apiv2][(partial)header] GET https://serviceusage.googleapis.com/v1/projects/finlisty-app-bd/services/firebaseapphosting.googleapis.com x-goog-quota-user=projects/finlisty-app-bd
[debug] [2026-02-27T05:10:16.995Z] <<< [apiv2][status] POST https://www.googleapis.com/oauth2/v3/token 200
[debug] [2026-02-27T05:10:16.995Z] <<< [apiv2][body] POST https://www.googleapis.com/oauth2/v3/token [omitted]
[debug] [2026-02-27T05:10:17.002Z] >>> [apiv2][query] GET https://serviceusage.googleapis.com/v1/projects/finlisty-app-bd/services/ [none]
[debug] [2026-02-27T05:10:17.002Z] >>> [apiv2][(partial)header] GET https://serviceusage.googleapis.com/v1/projects/finlisty-app-bd/services/ x-goog-quota-user=projects/finlisty-app-bd
[debug] [2026-02-27T05:10:18.495Z] <<< [apiv2][status] GET https://serviceusage.googleapis.com/v1/projects/finlisty-app-bd/services/firebaseio.com 403
[debug] [2026-02-27T05:10:18.495Z] <<< [apiv2][body] GET https://serviceusage.googleapis.com/v1/projects/finlisty-app-bd/services/firebaseio.com [omitted]
[debug] [2026-02-27T05:10:18.543Z] <<< [apiv2][status] GET https://serviceusage.googleapis.com/v1/projects/finlisty-app-bd/services/firebaseio.com 403
[debug] [2026-02-27T05:10:18.544Z] <<< [apiv2][body] GET https://serviceusage.googleapis.com/v1/projects/finlisty-app-bd/services/firebaseio.com [omitted]
[debug] [2026-02-27T05:10:18.545Z] <<< [apiv2][status] GET https://serviceusage.googleapis.com/v1/projects/finlisty-app-bd/services/firebasecrashlytics.googleapis.com 200
[debug] [2026-02-27T05:10:18.545Z] <<< [apiv2][body] GET https://serviceusage.googleapis.com/v1/projects/finlisty-app-bd/services/firebasecrashlytics.googleapis.com [omitted]
[debug] [2026-02-27T05:10:18.548Z] <<< [apiv2][status] GET https://serviceusage.googleapis.com/v1/projects/finlisty-app-bd/services/firebaseapphosting.googleapis.com 200
[debug] [2026-02-27T05:10:18.548Z] <<< [apiv2][body] GET https://serviceusage.googleapis.com/v1/projects/finlisty-app-bd/services/firebaseapphosting.googleapis.com [omitted]
[debug] [2026-02-27T05:10:18.552Z] <<< [apiv2][status] GET https://serviceusage.googleapis.com/v1/projects/finlisty-app-bd/services/firebasecrashlytics.googleapis.com 200
[debug] [2026-02-27T05:10:18.553Z] <<< [apiv2][body] GET https://serviceusage.googleapis.com/v1/projects/finlisty-app-bd/services/firebasecrashlytics.googleapis.com [omitted]
[debug] [2026-02-27T05:10:18.553Z] <<< [apiv2][status] GET https://serviceusage.googleapis.com/v1/projects/finlisty-app-bd/services/firebasedataconnect.googleapis.com 200
[debug] [2026-02-27T05:10:18.553Z] <<< [apiv2][body] GET https://serviceusage.googleapis.com/v1/projects/finlisty-app-bd/services/firebasedataconnect.googleapis.com [omitted]
[debug] [2026-02-27T05:10:18.608Z] <<< [apiv2][status] GET https://serviceusage.googleapis.com/v1/projects/finlisty-app-bd/services/firebaseapphosting.googleapis.com 200
[debug] [2026-02-27T05:10:18.608Z] <<< [apiv2][body] GET https://serviceusage.googleapis.com/v1/projects/finlisty-app-bd/services/firebaseapphosting.googleapis.com [omitted]
[debug] [2026-02-27T05:10:18.609Z] <<< [apiv2][status] GET https://serviceusage.googleapis.com/v1/projects/finlisty-app-bd/services/firebasedataconnect.googleapis.com 200
[debug] [2026-02-27T05:10:18.609Z] <<< [apiv2][body] GET https://serviceusage.googleapis.com/v1/projects/finlisty-app-bd/services/firebasedataconnect.googleapis.com [omitted]
[debug] [2026-02-27T05:10:18.882Z] <<< [apiv2][status] GET https://serviceusage.googleapis.com/v1/projects/finlisty-app-bd/services/ 200
[debug] [2026-02-27T05:10:18.882Z] <<< [apiv2][body] GET https://serviceusage.googleapis.com/v1/projects/finlisty-app-bd/services/ [omitted]
[debug] [2026-02-27T05:10:18.883Z] <<< [apiv2][status] GET https://serviceusage.googleapis.com/v1/projects/finlisty-app-bd/services/ 200
[debug] [2026-02-27T05:10:18.883Z] <<< [apiv2][body] GET https://serviceusage.googleapis.com/v1/projects/finlisty-app-bd/services/ [omitted]
[debug] [2026-02-27T05:10:18.885Z] > command requires scopes: ["email","openid","https://www.googleapis.com/auth/cloudplatformprojects.readonly","https://www.googleapis.com/auth/firebase","https://www.googleapis.com/auth/cloud-platform"]
[debug] [2026-02-27T05:10:18.886Z] > authorizing via signed-in user (mahekarim@gmail.com)
[debug] [2026-03-01T18:52:08.120Z] Checked if tokens are valid: false, expires at: 1772216093054
[debug] [2026-03-01T18:52:08.123Z] Checked if tokens are valid: false, expires at: 1772216093054
[debug] [2026-03-01T18:52:08.123Z] > refreshing access token with scopes: []
[debug] [2026-03-01T18:52:08.125Z] >>> [apiv2][query] POST https://www.googleapis.com/oauth2/v3/token [none]
[debug] [2026-03-01T18:52:08.125Z] >>> [apiv2][body] POST https://www.googleapis.com/oauth2/v3/token [omitted]
[debug] [2026-03-01T18:52:08.167Z] Checked if tokens are valid: false, expires at: 1772216093054
[debug] [2026-03-01T18:52:08.167Z] Checked if tokens are valid: false, expires at: 1772216093054
[debug] [2026-03-01T18:52:08.167Z] > refreshing access token with scopes: []
[debug] [2026-03-01T18:52:08.167Z] >>> [apiv2][query] POST https://www.googleapis.com/oauth2/v3/token [none]
[debug] [2026-03-01T18:52:08.167Z] >>> [apiv2][body] POST https://www.googleapis.com/oauth2/v3/token [omitted]
[debug] [2026-03-01T18:52:08.168Z] Checked if tokens are valid: false, expires at: 1772216093054
[debug] [2026-03-01T18:52:08.168Z] Checked if tokens are valid: false, expires at: 1772216093054
[debug] [2026-03-01T18:52:08.168Z] > refreshing access token with scopes: []
[debug] [2026-03-01T18:52:08.168Z] >>> [apiv2][query] POST https://www.googleapis.com/oauth2/v3/token [none]
[debug] [2026-03-01T18:52:08.168Z] >>> [apiv2][body] POST https://www.googleapis.com/oauth2/v3/token [omitted]
[debug] [2026-03-01T18:52:08.169Z] Checked if tokens are valid: false, expires at: 1772216093054
[debug] [2026-03-01T18:52:08.169Z] Checked if tokens are valid: false, expires at: 1772216093054
[debug] [2026-03-01T18:52:08.169Z] > refreshing access token with scopes: []
[debug] [2026-03-01T18:52:08.169Z] >>> [apiv2][query] POST https://www.googleapis.com/oauth2/v3/token [none]
[debug] [2026-03-01T18:52:08.169Z] >>> [apiv2][body] POST https://www.googleapis.com/oauth2/v3/token [omitted]
[debug] [2026-03-01T18:52:08.169Z] Checked if tokens are valid: false, expires at: 1772216093054
[debug] [2026-03-01T18:52:08.169Z] Checked if tokens are valid: false, expires at: 1772216093054
[debug] [2026-03-01T18:52:08.169Z] > refreshing access token with scopes: []
[debug] [2026-03-01T18:52:08.169Z] >>> [apiv2][query] POST https://www.googleapis.com/oauth2/v3/token [none]
[debug] [2026-03-01T18:52:08.169Z] >>> [apiv2][body] POST https://www.googleapis.com/oauth2/v3/token [omitted]
[debug] [2026-03-01T18:52:08.181Z] Checked if tokens are valid: false, expires at: 1772216093054
[debug] [2026-03-01T18:52:08.181Z] Checked if tokens are valid: false, expires at: 1772216093054
[debug] [2026-03-01T18:52:08.181Z] > refreshing access token with scopes: []
[debug] [2026-03-01T18:52:08.181Z] >>> [apiv2][query] POST https://www.googleapis.com/oauth2/v3/token [none]
[debug] [2026-03-01T18:52:08.181Z] >>> [apiv2][body] POST https://www.googleapis.com/oauth2/v3/token [omitted]
[debug] [2026-03-01T18:52:08.182Z] Checked if tokens are valid: false, expires at: 1772216093054
[debug] [2026-03-01T18:52:08.182Z] Checked if tokens are valid: false, expires at: 1772216093054
[debug] [2026-03-01T18:52:08.182Z] > refreshing access token with scopes: []
[debug] [2026-03-01T18:52:08.183Z] >>> [apiv2][query] POST https://www.googleapis.com/oauth2/v3/token [none]
[debug] [2026-03-01T18:52:08.183Z] >>> [apiv2][body] POST https://www.googleapis.com/oauth2/v3/token [omitted]
[debug] [2026-03-01T18:52:08.183Z] Checked if tokens are valid: false, expires at: 1772216093054
[debug] [2026-03-01T18:52:08.184Z] Checked if tokens are valid: false, expires at: 1772216093054
[debug] [2026-03-01T18:52:08.184Z] > refreshing access token with scopes: []
[debug] [2026-03-01T18:52:08.184Z] >>> [apiv2][query] POST https://www.googleapis.com/oauth2/v3/token [none]
[debug] [2026-03-01T18:52:08.184Z] >>> [apiv2][body] POST https://www.googleapis.com/oauth2/v3/token [omitted]
[debug] [2026-03-01T18:52:08.184Z] Checked if tokens are valid: false, expires at: 1772216093054
[debug] [2026-03-01T18:52:08.184Z] Checked if tokens are valid: false, expires at: 1772216093054
[debug] [2026-03-01T18:52:08.184Z] > refreshing access token with scopes: []
[debug] [2026-03-01T18:52:08.184Z] >>> [apiv2][query] POST https://www.googleapis.com/oauth2/v3/token [none]
[debug] [2026-03-01T18:52:08.184Z] >>> [apiv2][body] POST https://www.googleapis.com/oauth2/v3/token [omitted]
[debug] [2026-03-01T18:52:08.185Z] Checked if tokens are valid: false, expires at: 1772216093054
[debug] [2026-03-01T18:52:08.185Z] Checked if tokens are valid: false, expires at: 1772216093054
[debug] [2026-03-01T18:52:08.185Z] > refreshing access token with scopes: []
[debug] [2026-03-01T18:52:08.185Z] >>> [apiv2][query] POST https://www.googleapis.com/oauth2/v3/token [none]
[debug] [2026-03-01T18:52:08.185Z] >>> [apiv2][body] POST https://www.googleapis.com/oauth2/v3/token [omitted]
[debug] [2026-03-01T18:52:08.763Z] <<< [apiv2][status] POST https://www.googleapis.com/oauth2/v3/token 200
[debug] [2026-03-01T18:52:08.763Z] <<< [apiv2][body] POST https://www.googleapis.com/oauth2/v3/token [omitted]
[debug] [2026-03-01T18:52:08.778Z] >>> [apiv2][query] GET https://serviceusage.googleapis.com/v1/projects/finlisty-app-bd/services/firebaseapphosting.googleapis.com [none]
[debug] [2026-03-01T18:52:08.778Z] >>> [apiv2][(partial)header] GET https://serviceusage.googleapis.com/v1/projects/finlisty-app-bd/services/firebaseapphosting.googleapis.com x-goog-quota-user=projects/finlisty-app-bd
[debug] [2026-03-01T18:52:08.779Z] <<< [apiv2][status] POST https://www.googleapis.com/oauth2/v3/token 200
[debug] [2026-03-01T18:52:08.780Z] <<< [apiv2][body] POST https://www.googleapis.com/oauth2/v3/token [omitted]
[debug] [2026-03-01T18:52:08.789Z] >>> [apiv2][query] GET https://serviceusage.googleapis.com/v1/projects/finlisty-app-bd/services/firebasecrashlytics.googleapis.com [none]
[debug] [2026-03-01T18:52:08.789Z] >>> [apiv2][(partial)header] GET https://serviceusage.googleapis.com/v1/projects/finlisty-app-bd/services/firebasecrashlytics.googleapis.com x-goog-quota-user=projects/finlisty-app-bd
[debug] [2026-03-01T18:52:08.790Z] <<< [apiv2][status] POST https://www.googleapis.com/oauth2/v3/token 200
[debug] [2026-03-01T18:52:08.790Z] <<< [apiv2][body] POST https://www.googleapis.com/oauth2/v3/token [omitted]
[debug] [2026-03-01T18:52:08.800Z] >>> [apiv2][query] GET https://serviceusage.googleapis.com/v1/projects/finlisty-app-bd/services/firebasecrashlytics.googleapis.com [none]
[debug] [2026-03-01T18:52:08.800Z] >>> [apiv2][(partial)header] GET https://serviceusage.googleapis.com/v1/projects/finlisty-app-bd/services/firebasecrashlytics.googleapis.com x-goog-quota-user=projects/finlisty-app-bd
[debug] [2026-03-01T18:52:08.801Z] <<< [apiv2][status] POST https://www.googleapis.com/oauth2/v3/token 200
[debug] [2026-03-01T18:52:08.801Z] <<< [apiv2][body] POST https://www.googleapis.com/oauth2/v3/token [omitted]
[debug] [2026-03-01T18:52:08.810Z] >>> [apiv2][query] GET https://serviceusage.googleapis.com/v1/projects/finlisty-app-bd/services/ [none]
[debug] [2026-03-01T18:52:08.810Z] >>> [apiv2][(partial)header] GET https://serviceusage.googleapis.com/v1/projects/finlisty-app-bd/services/ x-goog-quota-user=projects/finlisty-app-bd
[debug] [2026-03-01T18:52:08.811Z] <<< [apiv2][status] POST https://www.googleapis.com/oauth2/v3/token 200
[debug] [2026-03-01T18:52:08.811Z] <<< [apiv2][body] POST https://www.googleapis.com/oauth2/v3/token [omitted]
[debug] [2026-03-01T18:52:08.821Z] >>> [apiv2][query] GET https://serviceusage.googleapis.com/v1/projects/finlisty-app-bd/services/firebasedataconnect.googleapis.com [none]
[debug] [2026-03-01T18:52:08.821Z] >>> [apiv2][(partial)header] GET https://serviceusage.googleapis.com/v1/projects/finlisty-app-bd/services/firebasedataconnect.googleapis.com x-goog-quota-user=projects/finlisty-app-bd
[debug] [2026-03-01T18:52:08.822Z] <<< [apiv2][status] POST https://www.googleapis.com/oauth2/v3/token 200
[debug] [2026-03-01T18:52:08.822Z] <<< [apiv2][body] POST https://www.googleapis.com/oauth2/v3/token [omitted]
[debug] [2026-03-01T18:52:08.833Z] >>> [apiv2][query] GET https://serviceusage.googleapis.com/v1/projects/finlisty-app-bd/services/firebaseio.com [none]
[debug] [2026-03-01T18:52:08.833Z] >>> [apiv2][(partial)header] GET https://serviceusage.googleapis.com/v1/projects/finlisty-app-bd/services/firebaseio.com x-goog-quota-user=projects/finlisty-app-bd
[debug] [2026-03-01T18:52:08.929Z] <<< [apiv2][status] POST https://www.googleapis.com/oauth2/v3/token 200
[debug] [2026-03-01T18:52:08.929Z] <<< [apiv2][body] POST https://www.googleapis.com/oauth2/v3/token [omitted]
[debug] [2026-03-01T18:52:08.941Z] >>> [apiv2][query] GET https://serviceusage.googleapis.com/v1/projects/finlisty-app-bd/services/firebaseapphosting.googleapis.com [none]
[debug] [2026-03-01T18:52:08.941Z] >>> [apiv2][(partial)header] GET https://serviceusage.googleapis.com/v1/projects/finlisty-app-bd/services/firebaseapphosting.googleapis.com x-goog-quota-user=projects/finlisty-app-bd
[debug] [2026-03-01T18:52:08.943Z] <<< [apiv2][status] POST https://www.googleapis.com/oauth2/v3/token 200
[debug] [2026-03-01T18:52:08.943Z] <<< [apiv2][body] POST https://www.googleapis.com/oauth2/v3/token [omitted]
[debug] [2026-03-01T18:52:08.953Z] >>> [apiv2][query] GET https://serviceusage.googleapis.com/v1/projects/finlisty-app-bd/services/firebasedataconnect.googleapis.com [none]
[debug] [2026-03-01T18:52:08.953Z] >>> [apiv2][(partial)header] GET https://serviceusage.googleapis.com/v1/projects/finlisty-app-bd/services/firebasedataconnect.googleapis.com x-goog-quota-user=projects/finlisty-app-bd
[debug] [2026-03-01T18:52:08.954Z] <<< [apiv2][status] POST https://www.googleapis.com/oauth2/v3/token 200
[debug] [2026-03-01T18:52:08.954Z] <<< [apiv2][body] POST https://www.googleapis.com/oauth2/v3/token [omitted]
[debug] [2026-03-01T18:52:08.963Z] >>> [apiv2][query] GET https://serviceusage.googleapis.com/v1/projects/finlisty-app-bd/services/firebaseio.com [none]
[debug] [2026-03-01T18:52:08.963Z] >>> [apiv2][(partial)header] GET https://serviceusage.googleapis.com/v1/projects/finlisty-app-bd/services/firebaseio.com x-goog-quota-user=projects/finlisty-app-bd
[debug] [2026-03-01T18:52:08.965Z] <<< [apiv2][status] POST https://www.googleapis.com/oauth2/v3/token 200
[debug] [2026-03-01T18:52:08.965Z] <<< [apiv2][body] POST https://www.googleapis.com/oauth2/v3/token [omitted]
[debug] [2026-03-01T18:52:08.975Z] >>> [apiv2][query] GET https://serviceusage.googleapis.com/v1/projects/finlisty-app-bd/services/ [none]
[debug] [2026-03-01T18:52:08.975Z] >>> [apiv2][(partial)header] GET https://serviceusage.googleapis.com/v1/projects/finlisty-app-bd/services/ x-goog-quota-user=projects/finlisty-app-bd
[debug] [2026-03-01T18:52:10.749Z] <<< [apiv2][status] GET https://serviceusage.googleapis.com/v1/projects/finlisty-app-bd/services/firebasecrashlytics.googleapis.com 200
[debug] [2026-03-01T18:52:10.749Z] <<< [apiv2][body] GET https://serviceusage.googleapis.com/v1/projects/finlisty-app-bd/services/firebasecrashlytics.googleapis.com [omitted]
[debug] [2026-03-01T18:52:10.749Z] <<< [apiv2][status] GET https://serviceusage.googleapis.com/v1/projects/finlisty-app-bd/services/firebaseio.com 403
[debug] [2026-03-01T18:52:10.749Z] <<< [apiv2][body] GET https://serviceusage.googleapis.com/v1/projects/finlisty-app-bd/services/firebaseio.com [omitted]
[debug] [2026-03-01T18:52:10.750Z] <<< [apiv2][status] GET https://serviceusage.googleapis.com/v1/projects/finlisty-app-bd/services/firebaseapphosting.googleapis.com 200
[debug] [2026-03-01T18:52:10.750Z] <<< [apiv2][body] GET https://serviceusage.googleapis.com/v1/projects/finlisty-app-bd/services/firebaseapphosting.googleapis.com [omitted]
[debug] [2026-03-01T18:52:10.753Z] <<< [apiv2][status] GET https://serviceusage.googleapis.com/v1/projects/finlisty-app-bd/services/firebaseio.com 403
[debug] [2026-03-01T18:52:10.753Z] <<< [apiv2][body] GET https://serviceusage.googleapis.com/v1/projects/finlisty-app-bd/services/firebaseio.com [omitted]
[debug] [2026-03-01T18:52:10.783Z] <<< [apiv2][status] GET https://serviceusage.googleapis.com/v1/projects/finlisty-app-bd/services/firebasecrashlytics.googleapis.com 200
[debug] [2026-03-01T18:52:10.783Z] <<< [apiv2][body] GET https://serviceusage.googleapis.com/v1/projects/finlisty-app-bd/services/firebasecrashlytics.googleapis.com [omitted]
[debug] [2026-03-01T18:52:10.783Z] <<< [apiv2][status] GET https://serviceusage.googleapis.com/v1/projects/finlisty-app-bd/services/firebaseapphosting.googleapis.com 200
[debug] [2026-03-01T18:52:10.783Z] <<< [apiv2][body] GET https://serviceusage.googleapis.com/v1/projects/finlisty-app-bd/services/firebaseapphosting.googleapis.com [omitted]
[debug] [2026-03-01T18:52:10.783Z] <<< [apiv2][status] GET https://serviceusage.googleapis.com/v1/projects/finlisty-app-bd/services/firebasedataconnect.googleapis.com 200
[debug] [2026-03-01T18:52:10.783Z] <<< [apiv2][body] GET https://serviceusage.googleapis.com/v1/projects/finlisty-app-bd/services/firebasedataconnect.googleapis.com [omitted]
[debug] [2026-03-01T18:52:11.102Z] <<< [apiv2][status] GET https://serviceusage.googleapis.com/v1/projects/finlisty-app-bd/services/ 200
[debug] [2026-03-01T18:52:11.102Z] <<< [apiv2][body] GET https://serviceusage.googleapis.com/v1/projects/finlisty-app-bd/services/ [omitted]
[debug] [2026-03-01T18:52:11.183Z] > command requires scopes: ["email","openid","https://www.googleapis.com/auth/cloudplatformprojects.readonly","https://www.googleapis.com/auth/firebase","https://www.googleapis.com/auth/cloud-platform"]
[debug] [2026-03-01T18:52:11.183Z] > authorizing via signed-in user (mahekarim@gmail.com)
[debug] [2026-03-01T18:52:12.384Z] <<< [apiv2][status] GET https://serviceusage.googleapis.com/v1/projects/finlisty-app-bd/services/firebasedataconnect.googleapis.com 200
[debug] [2026-03-01T18:52:12.384Z] <<< [apiv2][body] GET https://serviceusage.googleapis.com/v1/projects/finlisty-app-bd/services/firebasedataconnect.googleapis.com [omitted]
[debug] [2026-03-01T18:52:13.075Z] <<< [apiv2][status] GET https://serviceusage.googleapis.com/v1/projects/finlisty-app-bd/services/ 200
[debug] [2026-03-01T18:52:13.075Z] <<< [apiv2][body] GET https://serviceusage.googleapis.com/v1/projects/finlisty-app-bd/services/ [omitted]
